4) - CarCrashError: ДТП
6) - CarCrashError: ДТП
8) - DrunkError: Напился
9) - CarCrashError: ДТП
12) - DrunkError: Напился
13) - KillError: Убил
19) - DrunkError: Напился
22) - GluttonyError: Обожрался
24) - GluttonyError: Обожрался
25) - KillError: Убил
39) - CarCrashError: ДТП
58) - DepressionError: Депрессия
59) - KillError: Убил
64) - CarCrashError: ДТП
89) - CarCrashError: ДТП
93) - CarCrashError: ДТП
116) - KillError: Убил
118) - KillError: Убил
126) - GluttonyError: Обожрался
127) - KillError: Убил
145) - CarCrashError: ДТП
